#
# A fatal error has been detected by the Java Runtime Environment:
#
#  Internal Error (javaClasses.cpp:129), pid=6084, tid=6000
#  fatal error: Invalid layout of preloaded class
#
# JRE version: 7.0_10-b18
# Java VM: Java HotSpot(TM) 64-Bit Server VM (23.6-b04 mixed mode windows-amd64 compressed oops)
# Failed to write core dump. Minidumps are not enabled by default on client versions of Windows
#
# If you would like to submit a bug report, please visit:
#   http://bugreport.sun.com/bugreport/crash.jsp
#

---------------  T H R E A D  ---------------

Current thread (0x00000000027ad800):  JavaThread "Unknown thread" [_thread_in_vm, id=6000, stack(0x0000000002620000,0x0000000002720000)]

Stack: [0x0000000002620000,0x0000000002720000]

---------------  P R O C E S S  ---------------

Java Threads: ( => current thread )

Other Threads:

=>0x00000000027ad800 (exited) JavaThread "Unknown thread" [_thread_in_vm, id=6000, stack(0x0000000002620000,0x0000000002720000)]

VM state:not at safepoint (not fully initialized)

VM Mutex/Monitor currently owned by a thread: None

GC Heap History (0 events):
No events

Deoptimization events (0 events):
No events

Internal exceptions (0 events):
No events

Events (10 events):
Event: 0.017 loading class 0x0000000002800e00 done
Event: 0.017 loading class 0x00000000027c0450 done
Event: 0.017 loading class 0x00000000027c00f0
Event: 0.017 loading class 0x000000000ba7edd0
Event: 0.017 loading class 0x000000000ba7edd0 done
Event: 0.017 loading class 0x000000000ba7efd0
Event: 0.017 loading class 0x000000000ba7efd0 done
Event: 0.017 loading class 0x000000000ba7ce70
Event: 0.017 loading class 0x000000000ba7ce70 done
Event: 0.018 loading class 0x00000000027c00f0 done


Dynamic libraries:
0x000007f737b10000 - 0x000007f737b43000 	C:\Program Files\Java\jre7\bin\javaw.exe
0x000007fb581b0000 - 0x000007fb58370000 	C:\Windows\SYSTEM32\ntdll.dll
0x000007fb57d90000 - 0x000007fb57ec6000 	C:\Windows\system32\KERNEL32.DLL
0x000007fb553c0000 - 0x000007fb554b3000 	C:\Windows\system32\KERNELBASE.dll
0x000007fb565c0000 - 0x000007fb5669e000 	C:\Windows\system32\ADVAPI32.dll
0x000007fb556c0000 - 0x000007fb5580c000 	C:\Windows\system32\USER32.dll
0x000007fb52980000 - 0x000007fb52bea000 	C:\Windows\WinSxS\amd64_microsoft.windows.common-controls_6595b64144ccf1df_6.0.9200.16579_none_418ab7ef718b27ef\COMCTL32.dll
0x000007fb56200000 - 0x000007fb562a5000 	C:\Windows\system32\msvcrt.dll
0x000007fb57c90000 - 0x000007fb57cd8000 	C:\Windows\SYSTEM32\sechost.dll
0x000007fb55fd0000 - 0x000007fb56115000 	C:\Windows\system32\RPCRT4.dll
0x000007fb56310000 - 0x000007fb56451000 	C:\Windows\system32\GDI32.dll
0x000007fb56120000 - 0x000007fb56159000 	C:\Windows\system32\IMM32.DLL
0x000007fb555a0000 - 0x000007fb556b6000 	C:\Windows\system32\MSCTF.dll
0x000007fb55000000 - 0x000007fb55041000 	C:\Windows\system32\nvinitx.dll
0x0000000073560000 - 0x0000000073631000 	C:\Program Files\Java\jre7\bin\msvcr100.dll
0x0000000072e40000 - 0x000000007355f000 	C:\Program Files\Java\jre7\bin\server\jvm.dll
0x000007fb463b0000 - 0x000007fb463b9000 	C:\Windows\SYSTEM32\WSOCK32.dll
0x000007fb52210000 - 0x000007fb52230000 	C:\Windows\SYSTEM32\WINMM.dll
0x000007fb55bb0000 - 0x000007fb55bb7000 	C:\Windows\system32\PSAPI.DLL
0x000007fb562b0000 - 0x000007fb56308000 	C:\Windows\system32\WS2_32.dll
0x000007fb51f20000 - 0x000007fb51f53000 	C:\Windows\SYSTEM32\WINMMBASE.dll
0x000007fb57c80000 - 0x000007fb57c89000 	C:\Windows\system32\NSI.dll
0x000007fb554c0000 - 0x000007fb5550f000 	C:\Windows\SYSTEM32\cfgmgr32.dll
0x000007fb55570000 - 0x000007fb55592000 	C:\Windows\system32\DEVOBJ.dll
0x0000000072e30000 - 0x0000000072e3f000 	C:\Program Files\Java\jre7\bin\verify.dll
0x0000000072e00000 - 0x0000000072e28000 	C:\Program Files\Java\jre7\bin\java.dll
0x0000000072de0000 - 0x0000000072df5000 	C:\Program Files\Java\jre7\bin\zip.dll

VM Arguments:
jvm_args: -Dfile.encoding=Cp1252 -Xbootclasspath:C:\sdk\platforms\android-16\android.jar 
java_command: ame.optatiu.calculadora.divisa.Test
Launcher Type: SUN_STANDARD

Environment Variables:
PATH=C:\Program Files (x86)\NVIDIA Corporation\PhysX\Common;C:\Windows\system32;C:\Windows;C:\Windows\System32\Wbem;C:\Windows\System32\WindowsPowerShell\v1.0\;C:\Program Files\Intel\Intel(R) Management Engine Components\IPTmponents\DAL;C:\Pro! ????;C:\Program Files\Intel\Intel(R) Management Engine Components\DAL;C:\Program Files\Intel\Intel(R) Management Engine Components\IPT;C:\Program Files (x86)\Intel\Intel(R) Management Engine Components\DAL;C:\Program Files (x86)\Intel\Intel(R) Management Engine Components\IPT;C:\Python27
USERNAME=Xiang
OS=Windows_NT
PROCESSOR_IDENTIFIER=Intel64 Family 6 Model 58 Stepping 9, GenuineIntel



---------------  S Y S T E M  ---------------

OS: Windows 8 , 64 bit Build 9200 

CPU:total 8 (4 cores per cpu, 2 threads per core) family 6 model 58 stepping 9, cmov, cx8, fxsr, mmx, sse, sse2, sse3, ssse3, sse4.1, sse4.2, popcnt, avx, ht, tsc, tscinvbit, tscinv

Memory: 4k page, physical 8279096k(4675340k free), swap 12970040k(7788804k free)

vm_info: Java HotSpot(TM) 64-Bit Server VM (23.6-b04) for windows-amd64 JRE (1.7.0_10-b18), built on Nov 28 2012 05:00:40 by "java_re" with unknown MS VC++:1600

time: Wed Oct 30 01:04:36 2013
elapsed time: 0 seconds

